<!DOCTYPE html PUBLIC "-//W3C//DTD XHTML 1.1//EN" "http://www.w3.org/TR/xhtml11/DTD/xhtml11.dtd">
<html xmlns="http://www.w3.org/1999/xhtml"><head><title>TestNG Report</title><style type="text/css">table {margin-bottom:10px;border-collapse:collapse;empty-cells:show}th,td {border:1px solid #009;padding:.25em .5em}th {vertical-align:bottom}td {vertical-align:top}table a {font-weight:bold}.stripe td {background-color: #E6EBF9}.num {text-align:right}.passedodd td {background-color: #3F3}.passedeven td {background-color: #0A0}.skippedodd td {background-color: #DDD}.skippedeven td {background-color: #CCC}.failedodd td,.attn {background-color: #F33}.failedeven td,.stripe .attn {background-color: #D00}.stacktrace {white-space:pre;font-family:monospace}.totop {font-size:85%;text-align:center;border-bottom:2px solid #000}</style></head><body><table><tr><th>Test</th><th># Passed</th><th># Skipped</th><th># Failed</th><th>Time (ms)</th><th>Included Groups</th><th>Excluded Groups</th></tr><tr><th colspan="7">SynerzipHRMS 1.0</th></tr><tr><td><a href="#t0">Launch SynerzipHRMS test</a></td><td class="num">0</td><td class="num">0</td><td class="num attn">1</td><td class="num">17,286</td><td></td><td></td></tr><tr class="stripe"><td><a href="#t1">Launch SynerzipHRMSLogin test</a></td><td class="num">1</td><td class="num">0</td><td class="num">0</td><td class="num">8,429</td><td></td><td></td></tr><tr><td><a href="#t2">Launch SynerzipHRMS Home Tabtest</a></td><td class="num">0</td><td class="num">0</td><td class="num attn">1</td><td class="num">14,321</td><td></td><td></td></tr><tr class="stripe"><td><a href="#t3">Launch SynerzipHRMS Leave Tabtest</a></td><td class="num">0</td><td class="num">0</td><td class="num attn">1</td><td class="num">3,301</td><td></td><td></td></tr><tr><td><a href="#t4">Launch SynerzipHRMS Recruitment Tabtest</a></td><td class="num">1</td><td class="num">0</td><td class="num">0</td><td class="num">2,913</td><td></td><td></td></tr><tr class="stripe"><td><a href="#t5">Launch SynerzipHRMS Performance Tabtest</a></td><td class="num">0</td><td class="num">0</td><td class="num attn">1</td><td class="num">11,776</td><td></td><td></td></tr><tr><td><a href="#t6">Launch SynerzipHRMS MyInfo Tabtest</a></td><td class="num">0</td><td class="num">0</td><td class="num attn">1</td><td class="num">5,332</td><td></td><td></td></tr><tr class="stripe"><td><a href="#t7">Launch SynerzipHRMS DirectoryTabtest</a></td><td class="num">0</td><td class="num">0</td><td class="num attn">1</td><td class="num">66,108</td><td></td><td></td></tr><tr><th>Total</th><th class="num">2</th><th class="num">0</th><th class="num attn">6</th><th class="num">129,466</th><th colspan="2"></th></tr></table><table><thead><tr><th>Class</th><th>Method</th><th>Start</th><th>Time (ms)</th></tr></thead><tbody><tr><th colspan="4">SynerzipHRMS 1.0</th></tr></tbody><tbody id="t0"><tr><th colspan="4">Launch SynerzipHRMS test &#8212; failed</th></tr><tr class="failedeven"><td rowspan="1">Tests.SynerzipLaunchURLTest</td><td><a href="#m0">LaunchURLTest</a></td><td rowspan="1">1443074946503</td><td rowspan="1">8887</td></tr></tbody><tbody id="t1"><tr><th colspan="4">Launch SynerzipHRMSLogin test &#8212; passed</th></tr><tr class="passedeven"><td rowspan="1">Tests.SynerzipHRMSLoginTest</td><td><a href="#m1">SynerzipHRMSLogin</a></td><td rowspan="1">1443074955738</td><td rowspan="1">8423</td></tr></tbody><tbody id="t2"><tr><th colspan="4">Launch SynerzipHRMS Home Tabtest &#8212; failed</th></tr><tr class="failedeven"><td rowspan="1">Tests.SynerzipHomeTabTest</td><td><a href="#m2">HomeTabTest</a></td><td rowspan="1">1443074964179</td><td rowspan="1">14302</td></tr></tbody><tbody id="t3"><tr><th colspan="4">Launch SynerzipHRMS Leave Tabtest &#8212; failed</th></tr><tr class="failedeven"><td rowspan="1">Tests.SynerzipLeaveTabTest</td><td><a href="#m3">LeaveTabTest</a></td><td rowspan="1">1443074978538</td><td rowspan="1">3293</td></tr></tbody><tbody id="t4"><tr><th colspan="4">Launch SynerzipHRMS Recruitment Tabtest &#8212; passed</th></tr><tr class="passedeven"><td rowspan="1">Tests.SynerzipRecruitmentTabTest</td><td><a href="#m4">RecruitmentTabTest</a></td><td rowspan="1">1443074981847</td><td rowspan="1">2910</td></tr></tbody><tbody id="t5"><tr><th colspan="4">Launch SynerzipHRMS Performance Tabtest &#8212; failed</th></tr><tr class="failedeven"><td rowspan="1">Tests.SynerzipPerformanceTabTest</td><td><a href="#m5">PerformanceTabTest</a></td><td rowspan="1">1443074984773</td><td rowspan="1">11770</td></tr></tbody><tbody id="t6"><tr><th colspan="4">Launch SynerzipHRMS MyInfo Tabtest &#8212; failed</th></tr><tr class="failedeven"><td rowspan="1">Tests.SynerzipMyInfoTabTest</td><td><a href="#m6">MyInfoTabTest</a></td><td rowspan="1">1443074996578</td><td rowspan="1">5327</td></tr></tbody><tbody id="t7"><tr><th colspan="4">Launch SynerzipHRMS DirectoryTabtest &#8212; failed (configuration methods)</th></tr><tr class="failedeven"><td rowspan="1">Tests.SynerzipEmployeeDirectoryTest</td><td><a href="#m7">AfterLaunchURLTest</a></td><td rowspan="1">1443075068032</td><td rowspan="1">0</td></tr><tr><th colspan="4">Launch SynerzipHRMS DirectoryTabtest &#8212; failed</th></tr><tr class="failedeven"><td rowspan="1">Tests.SynerzipEmployeeDirectoryTest</td><td><a href="#m8">EmployeeDirectoryTest</a></td><td rowspan="1">1443075001947</td><td rowspan="1">66084</td></tr></tbody></table><h2>Launch SynerzipHRMS test</h2><h3 id="m0">Tests.SynerzipLaunchURLTest#LaunchURLTest</h3><table class="result"><tr><th>Messages</th></tr><tr><td><div class="messages">Executing LaunchURLTest</div></td></tr><tr><th>Exception</th></tr><tr><td><div class="stacktrace">java.lang.AssertionError: The following asserts failed:
Server response is not 200
	at Tests.SynerzipLaunchURLTest.LaunchURLTest(SynerzipLaunchURLTest.java:41)
... Removed 25 stack frames</div></td></tr></table><p class="totop"><a href="#summary">back to summary</a></p><h2>Launch SynerzipHRMSLogin test</h2><h3 id="m1">Tests.SynerzipHRMSLoginTest#SynerzipHRMSLogin</h3><table class="result"></table><p class="totop"><a href="#summary">back to summary</a></p><h2>Launch SynerzipHRMS Home Tabtest</h2><h3 id="m2">Tests.SynerzipHomeTabTest#HomeTabTest</h3><table class="result"><tr><th>Messages</th></tr><tr><td><div class="messages">In to HomeTabTest<br/>In to leave balance<br/>Into leave balance</div></td></tr><tr><th>Exception</th></tr><tr><td><div class="stacktrace">java.lang.AssertionError: The following asserts failed:
No leave balance list present
	at BusinessClass.HomeTab.MyLeaveBalance(HomeTab.java:69)
	at Tests.SynerzipHomeTabTest.HomeTabTest(SynerzipHomeTabTest.java:25)
... Removed 25 stack frames</div></td></tr></table><p class="totop"><a href="#summary">back to summary</a></p><h2>Launch SynerzipHRMS Leave Tabtest</h2><h3 id="m3">Tests.SynerzipLeaveTabTest#LeaveTabTest</h3><table class="result"><tr><th>Messages</th></tr><tr><td><div class="messages">In to LeaveTabTest<br/>In to MyLeave tab test</div></td></tr><tr><th>Exception</th></tr><tr><td><div class="stacktrace">org.openqa.selenium.InvalidSelectorException: invalid selector: Unable to locate an element with the xpath expression //table[@id=&apos;resultTable&apos;]/tbody/tr because of the following error:
TypeError: Failed to execute &apos;createNSResolver&apos; on &apos;Document&apos;: parameter 1 is not of type &apos;Node&apos;.
  (Session info: chrome=45.0.2454.93)
  (Driver info: chromedriver=2.12.301325 (962dea43ddd90e7e4224a03fa3c36a421281abb7),platform=Windows NT 6.1 SP1 x86_64) (WARNING: The server did not provide any stacktrace information)
Command duration or timeout: 3.16 seconds
For documentation on this error, please visit: http://seleniumhq.org/exceptions/invalid_selector_exception.html
Build info: version: &apos;2.44.0&apos;, revision: &apos;76d78cf&apos;, time: &apos;2014-10-23 20:03:00&apos;
System info: host: &apos;ULTP_431&apos;, ip: &apos;172.25.21.47&apos;, os.name: &apos;Windows 7&apos;, os.arch: &apos;amd64&apos;, os.version: &apos;6.1&apos;, java.version: &apos;1.8.0_45&apos;
Driver info: org.openqa.selenium.chrome.ChromeDriver
Capabilities [{applicationCacheEnabled=false, rotatable=false, mobileEmulationEnabled=false, chrome={userDataDir=C:\Users\deepakt\AppData\Local\Temp\scoped_dir9252_17282}, takesHeapSnapshot=true, databaseEnabled=false, handlesAlerts=true, version=45.0.2454.93, platform=XP, browserConnectionEnabled=false, nativeEvents=true, acceptSslCerts=true, locationContextEnabled=true, webStorageEnabled=true, browserName=chrome, takesScreenshot=true, javascriptEnabled=true, cssSelectorsEnabled=true}]
Session ID: acf212b9809fcb8094ae0826a2cbbdc2
	at org.openqa.selenium.remote.ErrorHandler.createThrowable(ErrorHandler.java:204)
	at org.openqa.selenium.remote.ErrorHandler.throwIfResponseFailed(ErrorHandler.java:156)
	at org.openqa.selenium.remote.RemoteWebDriver.execute(RemoteWebDriver.java:599)
	at org.openqa.selenium.remote.RemoteWebDriver.findElements(RemoteWebDriver.java:377)
	at org.openqa.selenium.remote.RemoteWebDriver.findElementsByXPath(RemoteWebDriver.java:453)
	at org.openqa.selenium.By$ByXPath.findElements(By.java:352)
	at org.openqa.selenium.remote.RemoteWebDriver.findElements(RemoteWebDriver.java:340)
	at BusinessClass.LeaveTab.MyLeaveList(LeaveTab.java:33)
	at Tests.SynerzipLeaveTabTest.LeaveTabTest(SynerzipLeaveTabTest.java:25)
... Removed 28 stack frames</div></td></tr></table><p class="totop"><a href="#summary">back to summary</a></p><h2>Launch SynerzipHRMS Recruitment Tabtest</h2><h3 id="m4">Tests.SynerzipRecruitmentTabTest#RecruitmentTabTest</h3><table class="result"><tr><th>Messages</th></tr><tr><td><div class="messages">In to RecruitmentTabTest<br/>In to RecruitmentTab</div></td></tr></table><p class="totop"><a href="#summary">back to summary</a></p><h2>Launch SynerzipHRMS Performance Tabtest</h2><h3 id="m5">Tests.SynerzipPerformanceTabTest#PerformanceTabTest</h3><table class="result"><tr><th>Messages</th></tr><tr><td><div class="messages">In to PerformanceTabTest<br/>In to PerformanceTabTest</div></td></tr><tr><th>Exception</th></tr><tr><td><div class="stacktrace">java.lang.IndexOutOfBoundsException: Index: 0, Size: 0
	at java.util.ArrayList.rangeCheck(ArrayList.java:653)
	at java.util.ArrayList.get(ArrayList.java:429)
	at BusinessClass.PerformanceTab.PerformanceTabTest(PerformanceTab.java:58)
	at Tests.SynerzipPerformanceTabTest.PerformanceTabTest(SynerzipPerformanceTabTest.java:27)
... Removed 24 stack frames</div></td></tr></table><p class="totop"><a href="#summary">back to summary</a></p><h2>Launch SynerzipHRMS MyInfo Tabtest</h2><h3 id="m6">Tests.SynerzipMyInfoTabTest#MyInfoTabTest</h3><table class="result"><tr><th>Messages</th></tr><tr><td><div class="messages">In to MyInfoTabTest<br/>In to PersonalDetailsTest</div></td></tr><tr><th>Exception</th></tr><tr><td><div class="stacktrace">org.openqa.selenium.StaleElementReferenceException: stale element reference: element is not attached to the page document
  (Session info: chrome=45.0.2454.93)
  (Driver info: chromedriver=2.12.301325 (962dea43ddd90e7e4224a03fa3c36a421281abb7),platform=Windows NT 6.1 SP1 x86_64) (WARNING: The server did not provide any stacktrace information)
Command duration or timeout: 34 milliseconds
For documentation on this error, please visit: http://seleniumhq.org/exceptions/stale_element_reference.html
Build info: version: &apos;2.44.0&apos;, revision: &apos;76d78cf&apos;, time: &apos;2014-10-23 20:03:00&apos;
System info: host: &apos;ULTP_431&apos;, ip: &apos;172.25.21.47&apos;, os.name: &apos;Windows 7&apos;, os.arch: &apos;amd64&apos;, os.version: &apos;6.1&apos;, java.version: &apos;1.8.0_45&apos;
Driver info: org.openqa.selenium.chrome.ChromeDriver
Capabilities [{applicationCacheEnabled=false, rotatable=false, mobileEmulationEnabled=false, chrome={userDataDir=C:\Users\deepakt\AppData\Local\Temp\scoped_dir9252_17282}, takesHeapSnapshot=true, databaseEnabled=false, handlesAlerts=true, version=45.0.2454.93, platform=XP, browserConnectionEnabled=false, nativeEvents=true, acceptSslCerts=true, locationContextEnabled=true, webStorageEnabled=true, browserName=chrome, takesScreenshot=true, javascriptEnabled=true, cssSelectorsEnabled=true}]
Session ID: acf212b9809fcb8094ae0826a2cbbdc2
	at org.openqa.selenium.remote.ErrorHandler.createThrowable(ErrorHandler.java:204)
	at org.openqa.selenium.remote.ErrorHandler.throwIfResponseFailed(ErrorHandler.java:156)
	at org.openqa.selenium.remote.RemoteWebDriver.execute(RemoteWebDriver.java:599)
	at org.openqa.selenium.remote.RemoteWebElement.execute(RemoteWebElement.java:268)
	at org.openqa.selenium.remote.RemoteWebElement.getText(RemoteWebElement.java:152)
	at org.openqa.selenium.support.pagefactory.internal.LocatingElementHandler.invoke(LocatingElementHandler.java:50)
	at com.sun.proxy.$Proxy6.getText(Unknown Source)
	at BusinessClass.MyInfoTab.PersonalDetailsTest(MyInfoTab.java:57)
	at Tests.SynerzipMyInfoTabTest.MyInfoTabTest(SynerzipMyInfoTabTest.java:26)
... Removed 32 stack frames</div></td></tr></table><p class="totop"><a href="#summary">back to summary</a></p><h2>Launch SynerzipHRMS DirectoryTabtest</h2><h3 id="m7">Tests.SynerzipEmployeeDirectoryTest#AfterLaunchURLTest</h3><table class="result"><tr><th>Messages</th></tr><tr><td><div class="messages">In to AfterLaunchURLTest</div></td></tr><tr><th>Exception</th></tr><tr><td><div class="stacktrace">java.lang.NullPointerException
	at Utility.UtilD.LogoutTest(UtilD.java:134)
	at Tests.SynerzipEmployeeDirectoryTest.AfterLaunchURLTest(SynerzipEmployeeDirectoryTest.java:31)
... Removed 22 stack frames</div></td></tr></table><p class="totop"><a href="#summary">back to summary</a></p><h3 id="m8">Tests.SynerzipEmployeeDirectoryTest#EmployeeDirectoryTest</h3><table class="result"><tr><th>Messages</th></tr><tr><td><div class="messages">In to EmployeeDirectoryTest<br/>In to DirectoryTabTest</div></td></tr><tr><th>Exception</th></tr><tr><td><div class="stacktrace">org.openqa.selenium.NoSuchWindowException: no such window: target window already closed
from unknown error: web view not found
  (Session info: chrome=45.0.2454.93)
  (Driver info: chromedriver=2.12.301325 (962dea43ddd90e7e4224a03fa3c36a421281abb7),platform=Windows NT 6.1 SP1 x86_64) (WARNING: The server did not provide any stacktrace information)
Command duration or timeout: 3 milliseconds
Build info: version: &apos;2.44.0&apos;, revision: &apos;76d78cf&apos;, time: &apos;2014-10-23 20:03:00&apos;
System info: host: &apos;ULTP_431&apos;, ip: &apos;172.25.21.47&apos;, os.name: &apos;Windows 7&apos;, os.arch: &apos;amd64&apos;, os.version: &apos;6.1&apos;, java.version: &apos;1.8.0_45&apos;
Driver info: org.openqa.selenium.chrome.ChromeDriver
Capabilities [{applicationCacheEnabled=false, rotatable=false, mobileEmulationEnabled=false, chrome={userDataDir=C:\Users\deepakt\AppData\Local\Temp\scoped_dir9252_17282}, takesHeapSnapshot=true, databaseEnabled=false, handlesAlerts=true, version=45.0.2454.93, platform=XP, browserConnectionEnabled=false, nativeEvents=true, acceptSslCerts=true, locationContextEnabled=true, webStorageEnabled=true, browserName=chrome, takesScreenshot=true, javascriptEnabled=true, cssSelectorsEnabled=true}]
Session ID: acf212b9809fcb8094ae0826a2cbbdc2
	at org.openqa.selenium.remote.ErrorHandler.createThrowable(ErrorHandler.java:204)
	at org.openqa.selenium.remote.ErrorHandler.throwIfResponseFailed(ErrorHandler.java:156)
	at org.openqa.selenium.remote.RemoteWebDriver.execute(RemoteWebDriver.java:599)
	at org.openqa.selenium.remote.RemoteWebDriver.execute(RemoteWebDriver.java:614)
	at org.openqa.selenium.remote.RemoteWebDriver.getScreenshotAs(RemoteWebDriver.java:324)
	at Utility.UtilD.TakeScreenShotFun(UtilD.java:38)
	at Tests.SynerzipEmployeeDirectoryTest.EmployeeDirectoryTest(SynerzipEmployeeDirectoryTest.java:24)
... Removed 28 stack frames</div></td></tr></table><p class="totop"><a href="#summary">back to summary</a></p></body></html>