<?xml version="1.0" encoding="UTF-8"?>
<testng-results skipped="0" failed="6" total="8" passed="2">
  <reporter-output>
    <line>
      <![CDATA[In to Initialization function]]>
    </line>
    <line>
      <![CDATA[Executing LaunchURLTest]]>
    </line>
    <line>
      <![CDATA[In to Initialization function]]>
    </line>
    <line>
      <![CDATA[In to HomeTabTest]]>
    </line>
    <line>
      <![CDATA[In to leave balance]]>
    </line>
    <line>
      <![CDATA[Into leave balance]]>
    </line>
    <line>
      <![CDATA[In to LeaveTabTest]]>
    </line>
    <line>
      <![CDATA[In to MyLeave tab test]]>
    </line>
    <line>
      <![CDATA[In to RecruitmentTabTest]]>
    </line>
    <line>
      <![CDATA[In to RecruitmentTab]]>
    </line>
    <line>
      <![CDATA[In to PerformanceTabTest]]>
    </line>
    <line>
      <![CDATA[In to PerformanceTabTest]]>
    </line>
    <line>
      <![CDATA[In to MyInfoTabTest]]>
    </line>
    <line>
      <![CDATA[In to PersonalDetailsTest]]>
    </line>
    <line>
      <![CDATA[In to EmployeeDirectoryTest]]>
    </line>
    <line>
      <![CDATA[In to DirectoryTabTest]]>
    </line>
    <line>
      <![CDATA[In to AfterLaunchURLTest]]>
    </line>
  </reporter-output>
  <suite name="SynerzipHRMS 1.0" duration-ms="129944" started-at="2015-09-24T06:08:58Z" finished-at="2015-09-24T06:11:08Z">
    <groups>
    </groups>
    <test name="Launch SynerzipHRMS test" duration-ms="17286" started-at="2015-09-24T06:08:58Z" finished-at="2015-09-24T06:09:15Z">
      <class name="Tests.SynerzipLaunchURLTest">
        <test-method status="PASS" signature="BeforeLaunchURLTest()[pri:0, instance:Tests.SynerzipLaunchURLTest@77b52d12]" name="BeforeLaunchURLTest" is-config="true" duration-ms="8377" started-at="2015-09-24T11:38:58Z" finished-at="2015-09-24T11:39:06Z">
          <reporter-output>
            <line>
              <![CDATA[In to Initialization function]]>
            </line>
          </reporter-output>
        </test-method> <!-- BeforeLaunchURLTest -->
        <test-method status="FAIL" signature="LaunchURLTest()[pri:0, instance:Tests.SynerzipLaunchURLTest@77b52d12]" name="LaunchURLTest" duration-ms="8887" started-at="2015-09-24T11:39:06Z" finished-at="2015-09-24T11:39:15Z">
          <exception class="java.lang.AssertionError">
            <message>
              <![CDATA[The following asserts failed:
Server response is not 200]]>
            </message>
            <full-stacktrace>
              <![CDATA[java.lang.AssertionError: The following asserts failed:
Server response is not 200
	at org.testng.asserts.SoftAssert.assertAll(SoftAssert.java:38)
	at Tests.SynerzipLaunchURLTest.LaunchURLTest(SynerzipLaunchURLTest.java:41)
	at sun.reflect.NativeMethodAccessorImpl.invoke0(Native Method)
	at sun.reflect.NativeMethodAccessorImpl.invoke(NativeMethodAccessorImpl.java:62)
	at sun.reflect.DelegatingMethodAccessorImpl.invoke(DelegatingMethodAccessorImpl.java:43)
	at java.lang.reflect.Method.invoke(Method.java:497)
	at org.testng.internal.MethodInvocationHelper.invokeMethod(MethodInvocationHelper.java:84)
	at org.testng.internal.Invoker.invokeMethod(Invoker.java:714)
	at org.testng.internal.Invoker.invokeTestMethod(Invoker.java:901)
	at org.testng.internal.Invoker.invokeTestMethods(Invoker.java:1231)
	at org.testng.internal.TestMethodWorker.invokeTestMethods(TestMethodWorker.java:127)
	at org.testng.internal.TestMethodWorker.run(TestMethodWorker.java:111)
	at org.testng.TestRunner.privateRun(TestRunner.java:767)
	at org.testng.TestRunner.run(TestRunner.java:617)
	at org.testng.SuiteRunner.runTest(SuiteRunner.java:334)
	at org.testng.SuiteRunner.runSequentially(SuiteRunner.java:329)
	at org.testng.SuiteRunner.privateRun(SuiteRunner.java:291)
	at org.testng.SuiteRunner.run(SuiteRunner.java:240)
	at org.testng.SuiteRunnerWorker.runSuite(SuiteRunnerWorker.java:52)
	at org.testng.SuiteRunnerWorker.run(SuiteRunnerWorker.java:86)
	at org.testng.TestNG.runSuitesSequentially(TestNG.java:1224)
	at org.testng.TestNG.runSuitesLocally(TestNG.java:1149)
	at org.testng.TestNG.run(TestNG.java:1057)
	at org.testng.remote.RemoteTestNG.run(RemoteTestNG.java:111)
	at org.testng.remote.RemoteTestNG.initAndRun(RemoteTestNG.java:204)
	at org.testng.remote.RemoteTestNG.main(RemoteTestNG.java:175)
]]>
            </full-stacktrace>
          </exception> <!-- java.lang.AssertionError -->
          <reporter-output>
            <line>
              <![CDATA[Executing LaunchURLTest]]>
            </line>
          </reporter-output>
        </test-method> <!-- LaunchURLTest -->
      </class> <!-- Tests.SynerzipLaunchURLTest -->
    </test> <!-- Launch SynerzipHRMS test -->
    <test name="Launch SynerzipHRMSLogin test" duration-ms="8429" started-at="2015-09-24T06:09:15Z" finished-at="2015-09-24T06:09:24Z">
      <class name="Tests.SynerzipHRMSLoginTest">
        <test-method status="PASS" signature="BeforeLaunchURLTest()[pri:0, instance:Tests.SynerzipHRMSLoginTest@7ca48474]" name="BeforeLaunchURLTest" is-config="true" duration-ms="2" started-at="2015-09-24T11:39:15Z" finished-at="2015-09-24T11:39:15Z">
          <reporter-output>
            <line>
              <![CDATA[In to Initialization function]]>
            </line>
          </reporter-output>
        </test-method> <!-- BeforeLaunchURLTest -->
        <test-method status="PASS" signature="SynerzipHRMSLogin()[pri:0, instance:Tests.SynerzipHRMSLoginTest@7ca48474]" name="SynerzipHRMSLogin" duration-ms="8423" started-at="2015-09-24T11:39:15Z" finished-at="2015-09-24T11:39:24Z">
          <reporter-output>
          </reporter-output>
        </test-method> <!-- SynerzipHRMSLogin -->
      </class> <!-- Tests.SynerzipHRMSLoginTest -->
    </test> <!-- Launch SynerzipHRMSLogin test -->
    <test name="Launch SynerzipHRMS Home Tabtest" duration-ms="14321" started-at="2015-09-24T06:09:24Z" finished-at="2015-09-24T06:09:38Z">
      <class name="Tests.SynerzipHomeTabTest">
        <test-method status="FAIL" signature="HomeTabTest()[pri:0, instance:Tests.SynerzipHomeTabTest@5cc7c2a6]" name="HomeTabTest" duration-ms="14302" started-at="2015-09-24T11:39:24Z" finished-at="2015-09-24T11:39:38Z">
          <exception class="java.lang.AssertionError">
            <message>
              <![CDATA[The following asserts failed:
No leave balance list present]]>
            </message>
            <full-stacktrace>
              <![CDATA[java.lang.AssertionError: The following asserts failed:
No leave balance list present
	at org.testng.asserts.SoftAssert.assertAll(SoftAssert.java:38)
	at BusinessClass.HomeTab.MyLeaveBalance(HomeTab.java:69)
	at Tests.SynerzipHomeTabTest.HomeTabTest(SynerzipHomeTabTest.java:25)
	at sun.reflect.NativeMethodAccessorImpl.invoke0(Native Method)
	at sun.reflect.NativeMethodAccessorImpl.invoke(NativeMethodAccessorImpl.java:62)
	at sun.reflect.DelegatingMethodAccessorImpl.invoke(DelegatingMethodAccessorImpl.java:43)
	at java.lang.reflect.Method.invoke(Method.java:497)
	at org.testng.internal.MethodInvocationHelper.invokeMethod(MethodInvocationHelper.java:84)
	at org.testng.internal.Invoker.invokeMethod(Invoker.java:714)
	at org.testng.internal.Invoker.invokeTestMethod(Invoker.java:901)
	at org.testng.internal.Invoker.invokeTestMethods(Invoker.java:1231)
	at org.testng.internal.TestMethodWorker.invokeTestMethods(TestMethodWorker.java:127)
	at org.testng.internal.TestMethodWorker.run(TestMethodWorker.java:111)
	at org.testng.TestRunner.privateRun(TestRunner.java:767)
	at org.testng.TestRunner.run(TestRunner.java:617)
	at org.testng.SuiteRunner.runTest(SuiteRunner.java:334)
	at org.testng.SuiteRunner.runSequentially(SuiteRunner.java:329)
	at org.testng.SuiteRunner.privateRun(SuiteRunner.java:291)
	at org.testng.SuiteRunner.run(SuiteRunner.java:240)
	at org.testng.SuiteRunnerWorker.runSuite(SuiteRunnerWorker.java:52)
	at org.testng.SuiteRunnerWorker.run(SuiteRunnerWorker.java:86)
	at org.testng.TestNG.runSuitesSequentially(TestNG.java:1224)
	at org.testng.TestNG.runSuitesLocally(TestNG.java:1149)
	at org.testng.TestNG.run(TestNG.java:1057)
	at org.testng.remote.RemoteTestNG.run(RemoteTestNG.java:111)
	at org.testng.remote.RemoteTestNG.initAndRun(RemoteTestNG.java:204)
	at org.testng.remote.RemoteTestNG.main(RemoteTestNG.java:175)
]]>
            </full-stacktrace>
          </exception> <!-- java.lang.AssertionError -->
          <reporter-output>
            <line>
              <![CDATA[In to HomeTabTest]]>
            </line>
            <line>
              <![CDATA[In to leave balance]]>
            </line>
            <line>
              <![CDATA[Into leave balance]]>
            </line>
          </reporter-output>
        </test-method> <!-- HomeTabTest -->
      </class> <!-- Tests.SynerzipHomeTabTest -->
    </test> <!-- Launch SynerzipHRMS Home Tabtest -->
    <test name="Launch SynerzipHRMS Leave Tabtest" duration-ms="3301" started-at="2015-09-24T06:09:38Z" finished-at="2015-09-24T06:09:41Z">
      <class name="Tests.SynerzipLeaveTabTest">
        <test-method status="FAIL" signature="LeaveTabTest()[pri:0, instance:Tests.SynerzipLeaveTabTest@458ad742]" name="LeaveTabTest" duration-ms="3293" started-at="2015-09-24T11:39:38Z" finished-at="2015-09-24T11:39:41Z">
          <exception class="org.openqa.selenium.InvalidSelectorException">
            <message>
              <![CDATA[invalid selector: Unable to locate an element with the xpath expression //table[@id='resultTable']/tbody/tr because of the following error:
TypeError: Failed to execute 'createNSResolver' on 'Document': parameter 1 is not of type 'Node'.
  (Session info: chrome=45.0.2454.93)
  (Driver info: chromedriver=2.12.301325 (962dea43ddd90e7e4224a03fa3c36a421281abb7),platform=Windows NT 6.1 SP1 x86_64) (WARNING: The server did not provide any stacktrace information)
Command duration or timeout: 3.16 seconds
For documentation on this error, please visit: http://seleniumhq.org/exceptions/invalid_selector_exception.html
Build info: version: '2.44.0', revision: '76d78cf', time: '2014-10-23 20:03:00'
System info: host: 'ULTP_431', ip: '172.25.21.47', os.name: 'Windows 7', os.arch: 'amd64', os.version: '6.1', java.version: '1.8.0_45'
Driver info: org.openqa.selenium.chrome.ChromeDriver
Capabilities [{applicationCacheEnabled=false, rotatable=false, mobileEmulationEnabled=false, chrome={userDataDir=C:\Users\deepakt\AppData\Local\Temp\scoped_dir9252_17282}, takesHeapSnapshot=true, databaseEnabled=false, handlesAlerts=true, version=45.0.2454.93, platform=XP, browserConnectionEnabled=false, nativeEvents=true, acceptSslCerts=true, locationContextEnabled=true, webStorageEnabled=true, browserName=chrome, takesScreenshot=true, javascriptEnabled=true, cssSelectorsEnabled=true}]
Session ID: acf212b9809fcb8094ae0826a2cbbdc2]]>
            </message>
            <full-stacktrace>
              <![CDATA[org.openqa.selenium.InvalidSelectorException: invalid selector: Unable to locate an element with the xpath expression //table[@id='resultTable']/tbody/tr because of the following error:
TypeError: Failed to execute 'createNSResolver' on 'Document': parameter 1 is not of type 'Node'.
  (Session info: chrome=45.0.2454.93)
  (Driver info: chromedriver=2.12.301325 (962dea43ddd90e7e4224a03fa3c36a421281abb7),platform=Windows NT 6.1 SP1 x86_64) (WARNING: The server did not provide any stacktrace information)
Command duration or timeout: 3.16 seconds
For documentation on this error, please visit: http://seleniumhq.org/exceptions/invalid_selector_exception.html
Build info: version: '2.44.0', revision: '76d78cf', time: '2014-10-23 20:03:00'
System info: host: 'ULTP_431', ip: '172.25.21.47', os.name: 'Windows 7', os.arch: 'amd64', os.version: '6.1', java.version: '1.8.0_45'
Driver info: org.openqa.selenium.chrome.ChromeDriver
Capabilities [{applicationCacheEnabled=false, rotatable=false, mobileEmulationEnabled=false, chrome={userDataDir=C:\Users\deepakt\AppData\Local\Temp\scoped_dir9252_17282}, takesHeapSnapshot=true, databaseEnabled=false, handlesAlerts=true, version=45.0.2454.93, platform=XP, browserConnectionEnabled=false, nativeEvents=true, acceptSslCerts=true, locationContextEnabled=true, webStorageEnabled=true, browserName=chrome, takesScreenshot=true, javascriptEnabled=true, cssSelectorsEnabled=true}]
Session ID: acf212b9809fcb8094ae0826a2cbbdc2
	at sun.reflect.NativeConstructorAccessorImpl.newInstance0(Native Method)
	at sun.reflect.NativeConstructorAccessorImpl.newInstance(NativeConstructorAccessorImpl.java:62)
	at sun.reflect.DelegatingConstructorAccessorImpl.newInstance(DelegatingConstructorAccessorImpl.java:45)
	at java.lang.reflect.Constructor.newInstance(Constructor.java:422)
	at org.openqa.selenium.remote.ErrorHandler.createThrowable(ErrorHandler.java:204)
	at org.openqa.selenium.remote.ErrorHandler.throwIfResponseFailed(ErrorHandler.java:156)
	at org.openqa.selenium.remote.RemoteWebDriver.execute(RemoteWebDriver.java:599)
	at org.openqa.selenium.remote.RemoteWebDriver.findElements(RemoteWebDriver.java:377)
	at org.openqa.selenium.remote.RemoteWebDriver.findElementsByXPath(RemoteWebDriver.java:453)
	at org.openqa.selenium.By$ByXPath.findElements(By.java:352)
	at org.openqa.selenium.remote.RemoteWebDriver.findElements(RemoteWebDriver.java:340)
	at BusinessClass.LeaveTab.MyLeaveList(LeaveTab.java:33)
	at Tests.SynerzipLeaveTabTest.LeaveTabTest(SynerzipLeaveTabTest.java:25)
	at sun.reflect.NativeMethodAccessorImpl.invoke0(Native Method)
	at sun.reflect.NativeMethodAccessorImpl.invoke(NativeMethodAccessorImpl.java:62)
	at sun.reflect.DelegatingMethodAccessorImpl.invoke(DelegatingMethodAccessorImpl.java:43)
	at java.lang.reflect.Method.invoke(Method.java:497)
	at org.testng.internal.MethodInvocationHelper.invokeMethod(MethodInvocationHelper.java:84)
	at org.testng.internal.Invoker.invokeMethod(Invoker.java:714)
	at org.testng.internal.Invoker.invokeTestMethod(Invoker.java:901)
	at org.testng.internal.Invoker.invokeTestMethods(Invoker.java:1231)
	at org.testng.internal.TestMethodWorker.invokeTestMethods(TestMethodWorker.java:127)
	at org.testng.internal.TestMethodWorker.run(TestMethodWorker.java:111)
	at org.testng.TestRunner.privateRun(TestRunner.java:767)
	at org.testng.TestRunner.run(TestRunner.java:617)
	at org.testng.SuiteRunner.runTest(SuiteRunner.java:334)
	at org.testng.SuiteRunner.runSequentially(SuiteRunner.java:329)
	at org.testng.SuiteRunner.privateRun(SuiteRunner.java:291)
	at org.testng.SuiteRunner.run(SuiteRunner.java:240)
	at org.testng.SuiteRunnerWorker.runSuite(SuiteRunnerWorker.java:52)
	at org.testng.SuiteRunnerWorker.run(SuiteRunnerWorker.java:86)
	at org.testng.TestNG.runSuitesSequentially(TestNG.java:1224)
	at org.testng.TestNG.runSuitesLocally(TestNG.java:1149)
	at org.testng.TestNG.run(TestNG.java:1057)
	at org.testng.remote.RemoteTestNG.run(RemoteTestNG.java:111)
	at org.testng.remote.RemoteTestNG.initAndRun(RemoteTestNG.java:204)
	at org.testng.remote.RemoteTestNG.main(RemoteTestNG.java:175)
]]>
            </full-stacktrace>
          </exception> <!-- org.openqa.selenium.InvalidSelectorException -->
          <reporter-output>
            <line>
              <![CDATA[In to LeaveTabTest]]>
            </line>
            <line>
              <![CDATA[In to MyLeave tab test]]>
            </line>
          </reporter-output>
        </test-method> <!-- LeaveTabTest -->
      </class> <!-- Tests.SynerzipLeaveTabTest -->
    </test> <!-- Launch SynerzipHRMS Leave Tabtest -->
    <test name="Launch SynerzipHRMS Recruitment Tabtest" duration-ms="2913" started-at="2015-09-24T06:09:41Z" finished-at="2015-09-24T06:09:44Z">
      <class name="Tests.SynerzipRecruitmentTabTest">
        <test-method status="PASS" signature="RecruitmentTabTest()[pri:0, instance:Tests.SynerzipRecruitmentTabTest@6a2bcfcb]" name="RecruitmentTabTest" duration-ms="2910" started-at="2015-09-24T11:39:41Z" finished-at="2015-09-24T11:39:44Z">
          <reporter-output>
            <line>
              <![CDATA[In to RecruitmentTabTest]]>
            </line>
            <line>
              <![CDATA[In to RecruitmentTab]]>
            </line>
          </reporter-output>
        </test-method> <!-- RecruitmentTabTest -->
      </class> <!-- Tests.SynerzipRecruitmentTabTest -->
    </test> <!-- Launch SynerzipHRMS Recruitment Tabtest -->
    <test name="Launch SynerzipHRMS Performance Tabtest" duration-ms="11776" started-at="2015-09-24T06:09:44Z" finished-at="2015-09-24T06:09:56Z">
      <class name="Tests.SynerzipPerformanceTabTest">
        <test-method status="FAIL" signature="PerformanceTabTest()[pri:0, instance:Tests.SynerzipPerformanceTabTest@6d8a00e3]" name="PerformanceTabTest" duration-ms="11770" started-at="2015-09-24T11:39:44Z" finished-at="2015-09-24T11:39:56Z">
          <exception class="java.lang.IndexOutOfBoundsException">
            <message>
              <![CDATA[Index: 0, Size: 0]]>
            </message>
            <full-stacktrace>
              <![CDATA[java.lang.IndexOutOfBoundsException: Index: 0, Size: 0
	at java.util.ArrayList.rangeCheck(ArrayList.java:653)
	at java.util.ArrayList.get(ArrayList.java:429)
	at BusinessClass.PerformanceTab.PerformanceTabTest(PerformanceTab.java:58)
	at Tests.SynerzipPerformanceTabTest.PerformanceTabTest(SynerzipPerformanceTabTest.java:27)
	at sun.reflect.NativeMethodAccessorImpl.invoke0(Native Method)
	at sun.reflect.NativeMethodAccessorImpl.invoke(NativeMethodAccessorImpl.java:62)
	at sun.reflect.DelegatingMethodAccessorImpl.invoke(DelegatingMethodAccessorImpl.java:43)
	at java.lang.reflect.Method.invoke(Method.java:497)
	at org.testng.internal.MethodInvocationHelper.invokeMethod(MethodInvocationHelper.java:84)
	at org.testng.internal.Invoker.invokeMethod(Invoker.java:714)
	at org.testng.internal.Invoker.invokeTestMethod(Invoker.java:901)
	at org.testng.internal.Invoker.invokeTestMethods(Invoker.java:1231)
	at org.testng.internal.TestMethodWorker.invokeTestMethods(TestMethodWorker.java:127)
	at org.testng.internal.TestMethodWorker.run(TestMethodWorker.java:111)
	at org.testng.TestRunner.privateRun(TestRunner.java:767)
	at org.testng.TestRunner.run(TestRunner.java:617)
	at org.testng.SuiteRunner.runTest(SuiteRunner.java:334)
	at org.testng.SuiteRunner.runSequentially(SuiteRunner.java:329)
	at org.testng.SuiteRunner.privateRun(SuiteRunner.java:291)
	at org.testng.SuiteRunner.run(SuiteRunner.java:240)
	at org.testng.SuiteRunnerWorker.runSuite(SuiteRunnerWorker.java:52)
	at org.testng.SuiteRunnerWorker.run(SuiteRunnerWorker.java:86)
	at org.testng.TestNG.runSuitesSequentially(TestNG.java:1224)
	at org.testng.TestNG.runSuitesLocally(TestNG.java:1149)
	at org.testng.TestNG.run(TestNG.java:1057)
	at org.testng.remote.RemoteTestNG.run(RemoteTestNG.java:111)
	at org.testng.remote.RemoteTestNG.initAndRun(RemoteTestNG.java:204)
	at org.testng.remote.RemoteTestNG.main(RemoteTestNG.java:175)
]]>
            </full-stacktrace>
          </exception> <!-- java.lang.IndexOutOfBoundsException -->
          <reporter-output>
            <line>
              <![CDATA[In to PerformanceTabTest]]>
            </line>
            <line>
              <![CDATA[In to PerformanceTabTest]]>
            </line>
          </reporter-output>
        </test-method> <!-- PerformanceTabTest -->
      </class> <!-- Tests.SynerzipPerformanceTabTest -->
    </test> <!-- Launch SynerzipHRMS Performance Tabtest -->
    <test name="Launch SynerzipHRMS MyInfo Tabtest" duration-ms="5332" started-at="2015-09-24T06:09:56Z" finished-at="2015-09-24T06:10:01Z">
      <class name="Tests.SynerzipMyInfoTabTest">
        <test-method status="FAIL" signature="MyInfoTabTest()[pri:0, instance:Tests.SynerzipMyInfoTabTest@215be6bb]" name="MyInfoTabTest" duration-ms="5327" started-at="2015-09-24T11:39:56Z" finished-at="2015-09-24T11:40:01Z">
          <exception class="org.openqa.selenium.StaleElementReferenceException">
            <message>
              <![CDATA[stale element reference: element is not attached to the page document
  (Session info: chrome=45.0.2454.93)
  (Driver info: chromedriver=2.12.301325 (962dea43ddd90e7e4224a03fa3c36a421281abb7),platform=Windows NT 6.1 SP1 x86_64) (WARNING: The server did not provide any stacktrace information)
Command duration or timeout: 34 milliseconds
For documentation on this error, please visit: http://seleniumhq.org/exceptions/stale_element_reference.html
Build info: version: '2.44.0', revision: '76d78cf', time: '2014-10-23 20:03:00'
System info: host: 'ULTP_431', ip: '172.25.21.47', os.name: 'Windows 7', os.arch: 'amd64', os.version: '6.1', java.version: '1.8.0_45'
Driver info: org.openqa.selenium.chrome.ChromeDriver
Capabilities [{applicationCacheEnabled=false, rotatable=false, mobileEmulationEnabled=false, chrome={userDataDir=C:\Users\deepakt\AppData\Local\Temp\scoped_dir9252_17282}, takesHeapSnapshot=true, databaseEnabled=false, handlesAlerts=true, version=45.0.2454.93, platform=XP, browserConnectionEnabled=false, nativeEvents=true, acceptSslCerts=true, locationContextEnabled=true, webStorageEnabled=true, browserName=chrome, takesScreenshot=true, javascriptEnabled=true, cssSelectorsEnabled=true}]
Session ID: acf212b9809fcb8094ae0826a2cbbdc2]]>
            </message>
            <full-stacktrace>
              <![CDATA[org.openqa.selenium.StaleElementReferenceException: stale element reference: element is not attached to the page document
  (Session info: chrome=45.0.2454.93)
  (Driver info: chromedriver=2.12.301325 (962dea43ddd90e7e4224a03fa3c36a421281abb7),platform=Windows NT 6.1 SP1 x86_64) (WARNING: The server did not provide any stacktrace information)
Command duration or timeout: 34 milliseconds
For documentation on this error, please visit: http://seleniumhq.org/exceptions/stale_element_reference.html
Build info: version: '2.44.0', revision: '76d78cf', time: '2014-10-23 20:03:00'
System info: host: 'ULTP_431', ip: '172.25.21.47', os.name: 'Windows 7', os.arch: 'amd64', os.version: '6.1', java.version: '1.8.0_45'
Driver info: org.openqa.selenium.chrome.ChromeDriver
Capabilities [{applicationCacheEnabled=false, rotatable=false, mobileEmulationEnabled=false, chrome={userDataDir=C:\Users\deepakt\AppData\Local\Temp\scoped_dir9252_17282}, takesHeapSnapshot=true, databaseEnabled=false, handlesAlerts=true, version=45.0.2454.93, platform=XP, browserConnectionEnabled=false, nativeEvents=true, acceptSslCerts=true, locationContextEnabled=true, webStorageEnabled=true, browserName=chrome, takesScreenshot=true, javascriptEnabled=true, cssSelectorsEnabled=true}]
Session ID: acf212b9809fcb8094ae0826a2cbbdc2
	at sun.reflect.NativeConstructorAccessorImpl.newInstance0(Native Method)
	at sun.reflect.NativeConstructorAccessorImpl.newInstance(NativeConstructorAccessorImpl.java:62)
	at sun.reflect.DelegatingConstructorAccessorImpl.newInstance(DelegatingConstructorAccessorImpl.java:45)
	at java.lang.reflect.Constructor.newInstance(Constructor.java:422)
	at org.openqa.selenium.remote.ErrorHandler.createThrowable(ErrorHandler.java:204)
	at org.openqa.selenium.remote.ErrorHandler.throwIfResponseFailed(ErrorHandler.java:156)
	at org.openqa.selenium.remote.RemoteWebDriver.execute(RemoteWebDriver.java:599)
	at org.openqa.selenium.remote.RemoteWebElement.execute(RemoteWebElement.java:268)
	at org.openqa.selenium.remote.RemoteWebElement.getText(RemoteWebElement.java:152)
	at sun.reflect.NativeMethodAccessorImpl.invoke0(Native Method)
	at sun.reflect.NativeMethodAccessorImpl.invoke(NativeMethodAccessorImpl.java:62)
	at sun.reflect.DelegatingMethodAccessorImpl.invoke(DelegatingMethodAccessorImpl.java:43)
	at java.lang.reflect.Method.invoke(Method.java:497)
	at org.openqa.selenium.support.pagefactory.internal.LocatingElementHandler.invoke(LocatingElementHandler.java:50)
	at com.sun.proxy.$Proxy6.getText(Unknown Source)
	at BusinessClass.MyInfoTab.PersonalDetailsTest(MyInfoTab.java:57)
	at Tests.SynerzipMyInfoTabTest.MyInfoTabTest(SynerzipMyInfoTabTest.java:26)
	at sun.reflect.NativeMethodAccessorImpl.invoke0(Native Method)
	at sun.reflect.NativeMethodAccessorImpl.invoke(NativeMethodAccessorImpl.java:62)
	at sun.reflect.DelegatingMethodAccessorImpl.invoke(DelegatingMethodAccessorImpl.java:43)
	at java.lang.reflect.Method.invoke(Method.java:497)
	at org.testng.internal.MethodInvocationHelper.invokeMethod(MethodInvocationHelper.java:84)
	at org.testng.internal.Invoker.invokeMethod(Invoker.java:714)
	at org.testng.internal.Invoker.invokeTestMethod(Invoker.java:901)
	at org.testng.internal.Invoker.invokeTestMethods(Invoker.java:1231)
	at org.testng.internal.TestMethodWorker.invokeTestMethods(TestMethodWorker.java:127)
	at org.testng.internal.TestMethodWorker.run(TestMethodWorker.java:111)
	at org.testng.TestRunner.privateRun(TestRunner.java:767)
	at org.testng.TestRunner.run(TestRunner.java:617)
	at org.testng.SuiteRunner.runTest(SuiteRunner.java:334)
	at org.testng.SuiteRunner.runSequentially(SuiteRunner.java:329)
	at org.testng.SuiteRunner.privateRun(SuiteRunner.java:291)
	at org.testng.SuiteRunner.run(SuiteRunner.java:240)
	at org.testng.SuiteRunnerWorker.runSuite(SuiteRunnerWorker.java:52)
	at org.testng.SuiteRunnerWorker.run(SuiteRunnerWorker.java:86)
	at org.testng.TestNG.runSuitesSequentially(TestNG.java:1224)
	at org.testng.TestNG.runSuitesLocally(TestNG.java:1149)
	at org.testng.TestNG.run(TestNG.java:1057)
	at org.testng.remote.RemoteTestNG.run(RemoteTestNG.java:111)
	at org.testng.remote.RemoteTestNG.initAndRun(RemoteTestNG.java:204)
	at org.testng.remote.RemoteTestNG.main(RemoteTestNG.java:175)
]]>
            </full-stacktrace>
          </exception> <!-- org.openqa.selenium.StaleElementReferenceException -->
          <reporter-output>
            <line>
              <![CDATA[In to MyInfoTabTest]]>
            </line>
            <line>
              <![CDATA[In to PersonalDetailsTest]]>
            </line>
          </reporter-output>
        </test-method> <!-- MyInfoTabTest -->
      </class> <!-- Tests.SynerzipMyInfoTabTest -->
    </test> <!-- Launch SynerzipHRMS MyInfo Tabtest -->
    <test name="Launch SynerzipHRMS DirectoryTabtest" duration-ms="66108" started-at="2015-09-24T06:10:01Z" finished-at="2015-09-24T06:11:08Z">
      <class name="Tests.SynerzipEmployeeDirectoryTest">
        <test-method status="FAIL" signature="EmployeeDirectoryTest()[pri:0, instance:Tests.SynerzipEmployeeDirectoryTest@2ef5e5e3]" name="EmployeeDirectoryTest" duration-ms="66084" started-at="2015-09-24T11:40:01Z" finished-at="2015-09-24T11:41:08Z">
          <exception class="org.openqa.selenium.NoSuchWindowException">
            <message>
              <![CDATA[no such window: target window already closed
from unknown error: web view not found
  (Session info: chrome=45.0.2454.93)
  (Driver info: chromedriver=2.12.301325 (962dea43ddd90e7e4224a03fa3c36a421281abb7),platform=Windows NT 6.1 SP1 x86_64) (WARNING: The server did not provide any stacktrace information)
Command duration or timeout: 3 milliseconds
Build info: version: '2.44.0', revision: '76d78cf', time: '2014-10-23 20:03:00'
System info: host: 'ULTP_431', ip: '172.25.21.47', os.name: 'Windows 7', os.arch: 'amd64', os.version: '6.1', java.version: '1.8.0_45'
Driver info: org.openqa.selenium.chrome.ChromeDriver
Capabilities [{applicationCacheEnabled=false, rotatable=false, mobileEmulationEnabled=false, chrome={userDataDir=C:\Users\deepakt\AppData\Local\Temp\scoped_dir9252_17282}, takesHeapSnapshot=true, databaseEnabled=false, handlesAlerts=true, version=45.0.2454.93, platform=XP, browserConnectionEnabled=false, nativeEvents=true, acceptSslCerts=true, locationContextEnabled=true, webStorageEnabled=true, browserName=chrome, takesScreenshot=true, javascriptEnabled=true, cssSelectorsEnabled=true}]
Session ID: acf212b9809fcb8094ae0826a2cbbdc2]]>
            </message>
            <full-stacktrace>
              <![CDATA[org.openqa.selenium.NoSuchWindowException: no such window: target window already closed
from unknown error: web view not found
  (Session info: chrome=45.0.2454.93)
  (Driver info: chromedriver=2.12.301325 (962dea43ddd90e7e4224a03fa3c36a421281abb7),platform=Windows NT 6.1 SP1 x86_64) (WARNING: The server did not provide any stacktrace information)
Command duration or timeout: 3 milliseconds
Build info: version: '2.44.0', revision: '76d78cf', time: '2014-10-23 20:03:00'
System info: host: 'ULTP_431', ip: '172.25.21.47', os.name: 'Windows 7', os.arch: 'amd64', os.version: '6.1', java.version: '1.8.0_45'
Driver info: org.openqa.selenium.chrome.ChromeDriver
Capabilities [{applicationCacheEnabled=false, rotatable=false, mobileEmulationEnabled=false, chrome={userDataDir=C:\Users\deepakt\AppData\Local\Temp\scoped_dir9252_17282}, takesHeapSnapshot=true, databaseEnabled=false, handlesAlerts=true, version=45.0.2454.93, platform=XP, browserConnectionEnabled=false, nativeEvents=true, acceptSslCerts=true, locationContextEnabled=true, webStorageEnabled=true, browserName=chrome, takesScreenshot=true, javascriptEnabled=true, cssSelectorsEnabled=true}]
Session ID: acf212b9809fcb8094ae0826a2cbbdc2
	at sun.reflect.NativeConstructorAccessorImpl.newInstance0(Native Method)
	at sun.reflect.NativeConstructorAccessorImpl.newInstance(NativeConstructorAccessorImpl.java:62)
	at sun.reflect.DelegatingConstructorAccessorImpl.newInstance(DelegatingConstructorAccessorImpl.java:45)
	at java.lang.reflect.Constructor.newInstance(Constructor.java:422)
	at org.openqa.selenium.remote.ErrorHandler.createThrowable(ErrorHandler.java:204)
	at org.openqa.selenium.remote.ErrorHandler.throwIfResponseFailed(ErrorHandler.java:156)
	at org.openqa.selenium.remote.RemoteWebDriver.execute(RemoteWebDriver.java:599)
	at org.openqa.selenium.remote.RemoteWebDriver.execute(RemoteWebDriver.java:614)
	at org.openqa.selenium.remote.RemoteWebDriver.getScreenshotAs(RemoteWebDriver.java:324)
	at Utility.UtilD.TakeScreenShotFun(UtilD.java:38)
	at Tests.SynerzipEmployeeDirectoryTest.EmployeeDirectoryTest(SynerzipEmployeeDirectoryTest.java:24)
	at sun.reflect.NativeMethodAccessorImpl.invoke0(Native Method)
	at sun.reflect.NativeMethodAccessorImpl.invoke(NativeMethodAccessorImpl.java:62)
	at sun.reflect.DelegatingMethodAccessorImpl.invoke(DelegatingMethodAccessorImpl.java:43)
	at java.lang.reflect.Method.invoke(Method.java:497)
	at org.testng.internal.MethodInvocationHelper.invokeMethod(MethodInvocationHelper.java:84)
	at org.testng.internal.Invoker.invokeMethod(Invoker.java:714)
	at org.testng.internal.Invoker.invokeTestMethod(Invoker.java:901)
	at org.testng.internal.Invoker.invokeTestMethods(Invoker.java:1231)
	at org.testng.internal.TestMethodWorker.invokeTestMethods(TestMethodWorker.java:127)
	at org.testng.internal.TestMethodWorker.run(TestMethodWorker.java:111)
	at org.testng.TestRunner.privateRun(TestRunner.java:767)
	at org.testng.TestRunner.run(TestRunner.java:617)
	at org.testng.SuiteRunner.runTest(SuiteRunner.java:334)
	at org.testng.SuiteRunner.runSequentially(SuiteRunner.java:329)
	at org.testng.SuiteRunner.privateRun(SuiteRunner.java:291)
	at org.testng.SuiteRunner.run(SuiteRunner.java:240)
	at org.testng.SuiteRunnerWorker.runSuite(SuiteRunnerWorker.java:52)
	at org.testng.SuiteRunnerWorker.run(SuiteRunnerWorker.java:86)
	at org.testng.TestNG.runSuitesSequentially(TestNG.java:1224)
	at org.testng.TestNG.runSuitesLocally(TestNG.java:1149)
	at org.testng.TestNG.run(TestNG.java:1057)
	at org.testng.remote.RemoteTestNG.run(RemoteTestNG.java:111)
	at org.testng.remote.RemoteTestNG.initAndRun(RemoteTestNG.java:204)
	at org.testng.remote.RemoteTestNG.main(RemoteTestNG.java:175)
]]>
            </full-stacktrace>
          </exception> <!-- org.openqa.selenium.NoSuchWindowException -->
          <reporter-output>
            <line>
              <![CDATA[In to EmployeeDirectoryTest]]>
            </line>
            <line>
              <![CDATA[In to DirectoryTabTest]]>
            </line>
          </reporter-output>
        </test-method> <!-- EmployeeDirectoryTest -->
        <test-method status="FAIL" signature="AfterLaunchURLTest()[pri:0, instance:Tests.SynerzipEmployeeDirectoryTest@2ef5e5e3]" name="AfterLaunchURLTest" is-config="true" duration-ms="0" started-at="2015-09-24T11:41:08Z" finished-at="2015-09-24T11:41:08Z">
          <exception class="java.lang.NullPointerException">
            <full-stacktrace>
              <![CDATA[java.lang.NullPointerException
	at Utility.UtilD.LogoutTest(UtilD.java:134)
	at Tests.SynerzipEmployeeDirectoryTest.AfterLaunchURLTest(SynerzipEmployeeDirectoryTest.java:31)
	at sun.reflect.NativeMethodAccessorImpl.invoke0(Native Method)
	at sun.reflect.NativeMethodAccessorImpl.invoke(NativeMethodAccessorImpl.java:62)
	at sun.reflect.DelegatingMethodAccessorImpl.invoke(DelegatingMethodAccessorImpl.java:43)
	at java.lang.reflect.Method.invoke(Method.java:497)
	at org.testng.internal.MethodInvocationHelper.invokeMethod(MethodInvocationHelper.java:84)
	at org.testng.internal.Invoker.invokeConfigurationMethod(Invoker.java:564)
	at org.testng.internal.Invoker.invokeConfigurations(Invoker.java:213)
	at org.testng.internal.Invoker.invokeConfigurations(Invoker.java:138)
	at org.testng.TestRunner.afterRun(TestRunner.java:1014)
	at org.testng.TestRunner.run(TestRunner.java:621)
	at org.testng.SuiteRunner.runTest(SuiteRunner.java:334)
	at org.testng.SuiteRunner.runSequentially(SuiteRunner.java:329)
	at org.testng.SuiteRunner.privateRun(SuiteRunner.java:291)
	at org.testng.SuiteRunner.run(SuiteRunner.java:240)
	at org.testng.SuiteRunnerWorker.runSuite(SuiteRunnerWorker.java:52)
	at org.testng.SuiteRunnerWorker.run(SuiteRunnerWorker.java:86)
	at org.testng.TestNG.runSuitesSequentially(TestNG.java:1224)
	at org.testng.TestNG.runSuitesLocally(TestNG.java:1149)
	at org.testng.TestNG.run(TestNG.java:1057)
	at org.testng.remote.RemoteTestNG.run(RemoteTestNG.java:111)
	at org.testng.remote.RemoteTestNG.initAndRun(RemoteTestNG.java:204)
	at org.testng.remote.RemoteTestNG.main(RemoteTestNG.java:175)
]]>
            </full-stacktrace>
          </exception> <!-- java.lang.NullPointerException -->
          <reporter-output>
            <line>
              <![CDATA[In to AfterLaunchURLTest]]>
            </line>
          </reporter-output>
        </test-method> <!-- AfterLaunchURLTest -->
      </class> <!-- Tests.SynerzipEmployeeDirectoryTest -->
    </test> <!-- Launch SynerzipHRMS DirectoryTabtest -->
  </suite> <!-- SynerzipHRMS 1.0 -->
</testng-results>
